
> fsevents@1.1.2 install /Users/talgvili/Documents/atn4seed/node_modules/fsevents
> node install

[fsevents] Success: "/Users/talgvili/Documents/atn4seed/node_modules/fsevents/lib/binding/Release/node-v48-darwin-x64/fse.node" already installed
Pass --update-binary to reinstall or --build-from-source to recompile

> node-sass@4.5.3 install /Users/talgvili/Documents/atn4seed/node_modules/node-sass
> node scripts/install.js

Downloading binary from https://github.com/sass/node-sass/releases/download/v4.5.3/darwin-x64-48_binding.node
Download complete
Binary saved to /Users/talgvili/Documents/atn4seed/node_modules/node-sass/vendor/darwin-x64-48/binding.node
Caching binary to /Users/talgvili/.npm/node-sass/4.5.3/darwin-x64-48_binding.node

> uglifyjs-webpack-plugin@0.4.6 postinstall /Users/talgvili/Documents/atn4seed/node_modules/uglifyjs-webpack-plugin
> node lib/post_install.js


> node-sass@4.5.3 postinstall /Users/talgvili/Documents/atn4seed/node_modules/node-sass
> node scripts/build.js

Binary found at /Users/talgvili/Documents/atn4seed/node_modules/node-sass/vendor/darwin-x64-48/binding.node
Testing binary
Binary is fine
harta@0.0.0 /Users/talgvili/Documents/atn4seed
├── @angular-redux/store@6.5.7 
├─┬ @angular/animations@4.4.6 
│ └── tslib@1.8.0 
├─┬ @angular/cli@1.4.9 
│ ├─┬ @angular-devkit/build-optimizer@0.0.31 
│ │ └─┬ loader-utils@1.1.0 
│ │   ├── big.js@3.2.0 
│ │   └── emojis-list@2.1.0 
│ ├─┬ @angular-devkit/schematics@0.0.34 
│ │ └── @angular-devkit/core@0.0.20 
│ ├── @ngtools/json-schema@1.1.0 
│ ├─┬ @ngtools/webpack@1.7.4 
│ │ ├── enhanced-resolve@3.4.1 
│ │ └─┬ magic-string@0.22.4 
│ │   └── vlq@0.2.3 
│ ├── @schematics/angular@0.0.48 
│ ├─┬ autoprefixer@6.7.7 
│ │ ├─┬ browserslist@1.7.7 
│ │ │ └── electron-to-chromium@1.3.27 
│ │ ├── caniuse-db@1.0.30000749 
│ │ ├── normalize-range@0.1.2 
│ │ ├── num2fraction@1.2.2 
│ │ ├─┬ postcss@5.2.18 
│ │ │ └─┬ chalk@1.1.3 
│ │ │   └── supports-color@2.0.0 
│ │ └── postcss-value-parser@3.3.0 
│ ├─┬ chalk@2.3.0 
│ │ ├─┬ ansi-styles@3.2.0 
│ │ │ └─┬ color-convert@1.9.0 
│ │ │   └── color-name@1.1.3 
│ │ ├── escape-string-regexp@1.0.5 
│ │ └─┬ supports-color@4.5.0 
│ │   └── has-flag@2.0.0 
│ ├── circular-dependency-plugin@3.0.0 
│ ├─┬ common-tags@1.4.0 
│ │ └─┬ babel-runtime@6.26.0 
│ │   └── regenerator-runtime@0.11.0 
│ ├─┬ copy-webpack-plugin@4.2.0 
│ │ ├─┬ is-glob@4.0.0 
│ │ │ └── is-extglob@2.1.1 
│ │ ├── loader-utils@0.2.17 
│ │ └── node-dir@0.1.17 
│ ├── core-object@3.1.5 
│ ├─┬ css-loader@0.28.7 
│ │ ├─┬ icss-utils@2.1.0 
│ │ │ └─┬ postcss@6.0.13 
│ │ │   ├── source-map@0.6.1 
│ │ │   └─┬ supports-color@4.5.0 
│ │ │     └── has-flag@2.0.0 
│ │ ├── lodash.camelcase@4.3.0 
│ │ ├─┬ postcss-modules-extract-imports@1.1.0 
│ │ │ └─┬ postcss@6.0.13 
│ │ │   ├── source-map@0.6.1 
│ │ │   └─┬ supports-color@4.5.0 
│ │ │     └── has-flag@2.0.0 
│ │ ├─┬ postcss-modules-local-by-default@1.2.0 
│ │ │ └─┬ postcss@6.0.13 
│ │ │   ├── source-map@0.6.1 
│ │ │   └─┬ supports-color@4.5.0 
│ │ │     └── has-flag@2.0.0 
│ │ ├─┬ postcss-modules-scope@1.1.0 
│ │ │ └─┬ postcss@6.0.13 
│ │ │   ├── source-map@0.6.1 
│ │ │   └─┬ supports-color@4.5.0 
│ │ │     └── has-flag@2.0.0 
│ │ ├─┬ postcss-modules-values@1.3.0 
│ │ │ ├── icss-replace-symbols@1.1.0 
│ │ │ └─┬ postcss@6.0.13 
│ │ │   ├── source-map@0.6.1 
│ │ │   └─┬ supports-color@4.5.0 
│ │ │     └── has-flag@2.0.0 
│ │ └── source-list-map@2.0.0 
│ ├─┬ cssnano@3.10.0 
│ │ ├── decamelize@1.2.0 
│ │ ├── defined@1.0.0 
│ │ ├─┬ has@1.0.1 
│ │ │ └── function-bind@1.1.1 
│ │ ├─┬ postcss-calc@5.3.1 
│ │ │ ├── postcss-message-helpers@2.0.0 
│ │ │ └─┬ reduce-css-calc@1.3.0 
│ │ │   ├── balanced-match@0.4.2 
│ │ │   ├── math-expression-evaluator@1.2.17 
│ │ │   └─┬ reduce-function-call@1.0.2 
│ │ │     └── balanced-match@0.4.2 
│ │ ├─┬ postcss-colormin@2.2.2 
│ │ │ └─┬ colormin@1.1.2 
│ │ │   ├─┬ color@0.11.4 
│ │ │   │ ├── clone@1.0.2 
│ │ │   │ └── color-string@0.3.0 
│ │ │   └── css-color-names@0.0.4 
│ │ ├── postcss-convert-values@2.6.1 
│ │ ├── postcss-discard-comments@2.0.4 
│ │ ├── postcss-discard-duplicates@2.1.0 
│ │ ├── postcss-discard-empty@2.1.0 
│ │ ├── postcss-discard-overridden@0.1.1 
│ │ ├─┬ postcss-discard-unused@2.2.3 
│ │ │ └── uniqs@2.0.0 
│ │ ├─┬ postcss-filter-plugins@2.0.2 
│ │ │ └─┬ uniqid@4.1.1 
│ │ │   └── macaddress@0.2.8 
│ │ ├── postcss-merge-idents@2.1.7 
│ │ ├── postcss-merge-longhand@2.0.2 
│ │ ├─┬ postcss-merge-rules@2.1.2 
│ │ │ ├─┬ caniuse-api@1.6.1 
│ │ │ │ ├── lodash.memoize@4.1.2 
│ │ │ │ └── lodash.uniq@4.5.0 
│ │ │ ├─┬ postcss-selector-parser@2.2.3 
│ │ │ │ ├── flatten@1.0.2 
│ │ │ │ ├── indexes-of@1.0.1 
│ │ │ │ └── uniq@1.0.1 
│ │ │ └── vendors@1.0.1 
│ │ ├── postcss-minify-font-values@1.0.5 
│ │ ├── postcss-minify-gradients@1.0.5 
│ │ ├─┬ postcss-minify-params@1.2.2 
│ │ │ └── alphanum-sort@1.0.2 
│ │ ├── postcss-minify-selectors@2.1.1 
│ │ ├── postcss-normalize-charset@1.1.1 
│ │ ├─┬ postcss-normalize-url@3.0.8 
│ │ │ ├── is-absolute-url@2.1.0 
│ │ │ └─┬ normalize-url@1.9.1 
│ │ │   ├── prepend-http@1.0.4 
│ │ │   ├─┬ query-string@4.3.4 
│ │ │   │ └── strict-uri-encode@1.1.0 
│ │ │   └─┬ sort-keys@1.1.2 
│ │ │     └── is-plain-obj@1.1.0 
│ │ ├── postcss-ordered-values@2.2.3 
│ │ ├── postcss-reduce-idents@2.4.0 
│ │ ├── postcss-reduce-initial@1.0.1 
│ │ ├── postcss-reduce-transforms@1.0.4 
│ │ ├─┬ postcss-svgo@2.1.6 
│ │ │ ├─┬ is-svg@2.1.0 
│ │ │ │ └── html-comment-regex@1.1.1 
│ │ │ └─┬ svgo@0.7.2 
│ │ │   ├─┬ coa@1.0.4 
│ │ │   │ └── q@1.5.1 
│ │ │   ├─┬ csso@2.3.2 
│ │ │   │ └─┬ clap@1.2.3 
│ │ │   │   └─┬ chalk@1.1.3 
│ │ │   │     └── supports-color@2.0.0 
│ │ │   └── whet.extend@0.9.9 
│ │ ├── postcss-unique-selectors@2.0.2 
│ │ └── postcss-zindex@2.2.0 
│ ├── denodeify@1.2.1 
│ ├── ember-cli-string-utils@1.1.0 
│ ├── exports-loader@0.6.4 
│ ├─┬ extract-text-webpack-plugin@3.0.0 
│ │ ├── async@2.5.0 
│ │ └── schema-utils@0.3.0 
│ ├── file-loader@1.1.5 
│ ├─┬ fs-extra@4.0.2 
│ │ ├── jsonfile@4.0.0 
│ │ └── universalify@0.1.1 
│ ├─┬ glob@7.1.2 
│ │ ├── fs.realpath@1.0.0 
│ │ ├─┬ inflight@1.0.6 
│ │ │ └── wrappy@1.0.2 
│ │ ├── inherits@2.0.3 
│ │ ├── once@1.4.0 
│ │ └── path-is-absolute@1.0.1 
│ ├─┬ html-webpack-plugin@2.30.1 
│ │ ├─┬ html-minifier@3.5.6 
│ │ │ ├─┬ camel-case@3.0.0 
│ │ │ │ ├─┬ no-case@2.3.2 
│ │ │ │ │ └── lower-case@1.1.4 
│ │ │ │ └── upper-case@1.1.3 
│ │ │ ├── clean-css@4.1.9 
│ │ │ ├── he@1.1.1 
│ │ │ ├─┬ ncname@1.0.0 
│ │ │ │ └── xml-char-classes@1.0.0 
│ │ │ ├── param-case@2.1.1 
│ │ │ ├── relateurl@0.2.7 
│ │ │ └─┬ uglify-js@3.1.5 
│ │ │   └── source-map@0.6.1 
│ │ ├── loader-utils@0.2.17 
│ │ ├─┬ pretty-error@2.1.1 
│ │ │ ├─┬ renderkid@2.0.1 
│ │ │ │ ├─┬ css-select@1.2.0 
│ │ │ │ │ ├── boolbase@1.0.0 
│ │ │ │ │ ├── css-what@2.1.0 
│ │ │ │ │ ├─┬ domutils@1.5.1 
│ │ │ │ │ │ └─┬ dom-serializer@0.1.0 
│ │ │ │ │ │   ├── domelementtype@1.1.3 
│ │ │ │ │ │   └── entities@1.1.1 
│ │ │ │ │ └── nth-check@1.0.1 
│ │ │ │ ├─┬ dom-converter@0.1.4 
│ │ │ │ │ └── utila@0.3.3 
│ │ │ │ ├─┬ htmlparser2@3.3.0 
│ │ │ │ │ ├── domelementtype@1.3.0 
│ │ │ │ │ ├── domhandler@2.1.0 
│ │ │ │ │ ├── domutils@1.1.6 
│ │ │ │ │ └─┬ readable-stream@1.0.34 
│ │ │ │ │   ├── isarray@0.0.1 
│ │ │ │ │   └── string_decoder@0.10.31 
│ │ │ │ └── utila@0.3.3 
│ │ │ └── utila@0.4.0 
│ │ └── toposort@1.0.6 
│ ├─┬ istanbul-instrumenter-loader@2.0.0 
│ │ ├── convert-source-map@1.5.0 
│ │ ├─┬ istanbul-lib-instrument@1.9.1 
│ │ │ ├─┬ babel-generator@6.26.0 
│ │ │ │ ├── babel-messages@6.23.0 
│ │ │ │ ├── detect-indent@4.0.0 
│ │ │ │ ├── jsesc@1.3.0 
│ │ │ │ └── trim-right@1.0.1 
│ │ │ ├── babel-template@6.26.0 
│ │ │ ├─┬ babel-traverse@6.26.0 
│ │ │ │ ├── globals@9.18.0 
│ │ │ │ └── invariant@2.2.2 
│ │ │ ├─┬ babel-types@6.26.0 
│ │ │ │ └── to-fast-properties@1.0.3 
│ │ │ └── babylon@6.18.0 
│ │ └── loader-utils@0.2.17 
│ ├── karma-source-map-support@1.2.0 
│ ├─┬ less@2.7.3 
│ │ ├─┬ errno@0.1.4 
│ │ │ └── prr@0.0.0 
│ │ ├── image-size@0.5.5 
│ │ └─┬ promise@7.3.1 
│ │   └── asap@2.0.6 
│ ├─┬ less-loader@4.0.5 
│ │ ├── clone@2.1.1 
│ │ └── pify@2.3.0 
│ ├─┬ license-webpack-plugin@1.1.1 
│ │ └── ejs@2.5.7 
│ ├─┬ memory-fs@0.4.1 
│ │ └─┬ readable-stream@2.3.3 
│ │   ├── core-util-is@1.0.2 
│ │   ├── isarray@1.0.0 
│ │   ├── process-nextick-args@1.0.7 
│ │   ├── string_decoder@1.0.3 
│ │   └── util-deprecate@1.0.2 
│ ├── node-modules-path@1.0.1 
│ ├─┬ node-sass@4.5.3 
│ │ ├── async-foreach@0.1.3 
│ │ ├─┬ chalk@1.1.3 
│ │ │ └── supports-color@2.0.0 
│ │ ├─┬ cross-spawn@3.0.1 
│ │ │ └─┬ lru-cache@4.1.1 
│ │ │   ├── pseudomap@1.0.2 
│ │ │   └── yallist@2.1.2 
│ │ ├─┬ gaze@1.1.2 
│ │ │ └── globule@1.2.0 
│ │ ├── get-stdin@4.0.1 
│ │ ├── in-publish@2.0.0 
│ │ ├── lodash.assign@4.2.0 
│ │ ├── lodash.clonedeep@4.5.0 
│ │ ├── lodash.mergewith@4.6.0 
│ │ ├─┬ meow@3.7.0 
│ │ │ ├── camelcase-keys@2.1.0 
│ │ │ ├─┬ loud-rejection@1.6.0 
│ │ │ │ ├─┬ currently-unhandled@0.4.1 
│ │ │ │ │ └── array-find-index@1.0.2 
│ │ │ │ └── signal-exit@3.0.2 
│ │ │ ├── map-obj@1.0.1 
│ │ │ ├─┬ normalize-package-data@2.4.0 
│ │ │ │ ├── hosted-git-info@2.5.0 
│ │ │ │ ├── is-builtin-module@1.0.0 
│ │ │ │ └─┬ validate-npm-package-license@3.0.1 
│ │ │ │   ├─┬ spdx-correct@1.0.2 
│ │ │ │   │ └── spdx-license-ids@1.2.2 
│ │ │ │   └── spdx-expression-parse@1.0.4 
│ │ │ ├─┬ redent@1.0.0 
│ │ │ │ ├── indent-string@2.1.0 
│ │ │ │ └── strip-indent@1.0.1 
│ │ │ └── trim-newlines@1.0.0 
│ │ ├── nan@2.7.0 
│ │ ├─┬ node-gyp@3.6.2 
│ │ │ ├── fstream@1.0.11 
│ │ │ ├── nopt@3.0.6 
│ │ │ ├── semver@5.3.0 
│ │ │ └─┬ tar@2.2.1 
│ │ │   └── block-stream@0.0.9 
│ │ ├─┬ npmlog@4.1.2 
│ │ │ ├─┬ are-we-there-yet@1.1.4 
│ │ │ │ └── delegates@1.0.0 
│ │ │ ├── console-control-strings@1.1.0 
│ │ │ └─┬ gauge@2.7.4 
│ │ │   ├── aproba@1.2.0 
│ │ │   ├── has-unicode@2.0.1 
│ │ │   └── wide-align@1.1.2 
│ │ ├─┬ sass-graph@2.2.4 
│ │ │ ├─┬ scss-tokenizer@0.2.3 
│ │ │ │ └── source-map@0.4.4 
│ │ │ └─┬ yargs@7.1.0 
│ │ │   ├── camelcase@3.0.0 
│ │ │   └─┬ yargs-parser@5.0.0 
│ │ │     └── camelcase@3.0.0 
│ │ └── stdout-stream@1.4.0 
│ ├─┬ nopt@4.0.1 
│ │ ├── abbrev@1.1.1 
│ │ └─┬ osenv@0.1.4 
│ │   └── os-homedir@1.0.2 
│ ├─┬ opn@5.1.0 
│ │ └── is-wsl@1.1.0 
│ ├─┬ portfinder@1.0.13 
│ │ ├── async@1.5.2 
│ │ └─┬ debug@2.6.9 
│ │   └── ms@2.0.0 
│ ├─┬ postcss-loader@1.3.3 
│ │ └─┬ postcss-load-config@1.2.0 
│ │   ├─┬ cosmiconfig@2.2.2 
│ │   │ ├── is-directory@0.3.1 
│ │   │ ├─┬ parse-json@2.2.0 
│ │   │ │ └─┬ error-ex@1.3.1 
│ │   │ │   └── is-arrayish@0.2.1 
│ │   │ └── require-from-string@1.2.1 
│ │   ├── postcss-load-options@1.2.0 
│ │   └── postcss-load-plugins@2.3.0 
│ ├─┬ postcss-url@5.1.2 
│ │ ├─┬ directory-encoder@0.7.2 
│ │ │ ├─┬ fs-extra@0.23.1 
│ │ │ │ └── jsonfile@2.4.0 
│ │ │ ├─┬ handlebars@1.3.0 
│ │ │ │ ├── optimist@0.3.7 
│ │ │ │ └─┬ uglify-js@2.3.6 
│ │ │ │   ├── async@0.2.10 
│ │ │ │   └── source-map@0.1.43 
│ │ │ └── img-stats@0.5.2 
│ │ └── js-base64@2.3.2 
│ ├── raw-loader@0.5.1 
│ ├─┬ resolve@1.4.0 
│ │ └── path-parse@1.0.5 
│ ├─┬ sass-loader@6.0.6 
│ │ ├─┬ clone-deep@0.3.0 
│ │ │ ├─┬ for-own@1.0.0 
│ │ │ │ └── for-in@1.0.2 
│ │ │ ├─┬ is-plain-object@2.0.4 
│ │ │ │ └── isobject@3.0.1 
│ │ │ ├── kind-of@3.2.2 
│ │ │ └─┬ shallow-clone@0.1.2 
│ │ │   ├── is-extendable@0.1.1 
│ │ │   ├── kind-of@2.0.1 
│ │ │   ├── lazy-cache@0.2.7 
│ │ │   └─┬ mixin-object@2.0.1 
│ │ │     └── for-in@0.1.8 
│ │ ├── lodash.tail@4.1.1 
│ │ └── pify@3.0.0 
│ ├── semver@5.4.1 
│ ├── silent-error@1.1.0 
│ ├─┬ source-map-loader@0.2.3 
│ │ ├── loader-utils@0.2.17 
│ │ └── source-map@0.6.1 
│ ├── source-map-support@0.4.18 
│ ├── style-loader@0.13.2 
│ ├─┬ stylus@0.54.5 
│ │ ├── css-parse@1.7.0 
│ │ ├── glob@7.0.6 
│ │ ├── sax@0.5.8 
│ │ └─┬ source-map@0.1.43 
│ │   └── amdefine@1.0.1 
│ ├─┬ stylus-loader@3.0.1 
│ │ └── when@3.6.4 
│ ├── url-loader@0.6.2 
│ ├─┬ webpack@3.7.1 
│ │ ├── acorn@5.1.2 
│ │ ├─┬ acorn-dynamic-import@2.0.2 
│ │ │ └── acorn@4.0.13 
│ │ ├─┬ ajv@5.3.0 
│ │ │ ├── co@4.6.0 
│ │ │ ├── fast-deep-equal@1.0.0 
│ │ │ ├── fast-json-stable-stringify@2.0.0 
│ │ │ └── json-schema-traverse@0.3.1 
│ │ ├── ajv-keywords@2.1.0 
│ │ ├─┬ escope@3.6.0 
│ │ │ ├─┬ es6-map@0.1.5 
│ │ │ │ ├── d@1.0.0 
│ │ │ │ ├── es5-ext@0.10.35 
│ │ │ │ ├── es6-iterator@2.0.3 
│ │ │ │ ├── es6-set@0.1.5 
│ │ │ │ ├── es6-symbol@3.1.1 
│ │ │ │ └── event-emitter@0.3.5 
│ │ │ ├── es6-weak-map@2.0.2 
│ │ │ ├── esrecurse@4.2.0 
│ │ │ └── estraverse@4.2.0 
│ │ ├── interpret@1.0.4 
│ │ ├── json-loader@0.5.7 
│ │ ├── json5@0.5.1 
│ │ ├── loader-runner@2.3.0 
│ │ ├─┬ node-libs-browser@2.0.0 
│ │ │ ├── assert@1.4.1 
│ │ │ ├─┬ browserify-zlib@0.1.4 
│ │ │ │ └── pako@0.2.9 
│ │ │ ├─┬ buffer@4.9.1 
│ │ │ │ ├── base64-js@1.2.1 
│ │ │ │ └── ieee754@1.1.8 
│ │ │ ├─┬ console-browserify@1.1.0 
│ │ │ │ └── date-now@0.1.4 
│ │ │ ├── constants-browserify@1.0.0 
│ │ │ ├─┬ crypto-browserify@3.11.1 
│ │ │ │ ├─┬ browserify-cipher@1.0.0 
│ │ │ │ │ ├─┬ browserify-aes@1.1.1 
│ │ │ │ │ │ └── buffer-xor@1.0.3 
│ │ │ │ │ ├─┬ browserify-des@1.0.0 
│ │ │ │ │ │ └── des.js@1.0.0 
│ │ │ │ │ └─┬ evp_bytestokey@1.0.3 
│ │ │ │ │   └─┬ md5.js@1.3.4 
│ │ │ │ │     └── hash-base@3.0.4 
│ │ │ │ ├─┬ browserify-sign@4.0.4 
│ │ │ │ │ ├── bn.js@4.11.8 
│ │ │ │ │ ├── browserify-rsa@4.0.1 
│ │ │ │ │ ├─┬ elliptic@6.4.0 
│ │ │ │ │ │ ├── brorand@1.1.0 
│ │ │ │ │ │ ├── hash.js@1.1.3 
│ │ │ │ │ │ ├── hmac-drbg@1.0.1 
│ │ │ │ │ │ └── minimalistic-crypto-utils@1.0.1 
│ │ │ │ │ └─┬ parse-asn1@5.1.0 
│ │ │ │ │   └── asn1.js@4.9.1 
│ │ │ │ ├── create-ecdh@4.0.0 
│ │ │ │ ├─┬ create-hash@1.1.3 
│ │ │ │ │ ├── cipher-base@1.0.4 
│ │ │ │ │ ├─┬ ripemd160@2.0.1 
│ │ │ │ │ │ └── hash-base@2.0.2 
│ │ │ │ │ └── sha.js@2.4.9 
│ │ │ │ ├── create-hmac@1.1.6 
│ │ │ │ ├─┬ diffie-hellman@5.0.2 
│ │ │ │ │ └── miller-rabin@4.0.1 
│ │ │ │ ├── pbkdf2@3.0.14 
│ │ │ │ ├── public-encrypt@4.0.0 
│ │ │ │ └── randombytes@2.0.5 
│ │ │ ├── domain-browser@1.1.7 
│ │ │ ├── events@1.1.1 
│ │ │ ├── https-browserify@0.0.1 
│ │ │ ├── os-browserify@0.2.1 
│ │ │ ├── path-browserify@0.0.0 
│ │ │ ├── process@0.11.10 
│ │ │ ├── punycode@1.4.1 
│ │ │ ├── querystring-es3@0.2.1 
│ │ │ ├── stream-browserify@2.0.1 
│ │ │ ├─┬ stream-http@2.7.2 
│ │ │ │ ├── builtin-status-codes@3.0.0 
│ │ │ │ ├── to-arraybuffer@1.0.1 
│ │ │ │ └── xtend@4.0.1 
│ │ │ ├── string_decoder@0.10.31 
│ │ │ ├─┬ timers-browserify@2.0.4 
│ │ │ │ └── setimmediate@1.0.5 
│ │ │ ├── tty-browserify@0.0.0 
│ │ │ ├─┬ url@0.11.0 
│ │ │ │ ├── punycode@1.3.2 
│ │ │ │ └── querystring@0.2.0 
│ │ │ ├─┬ util@0.10.3 
│ │ │ │ └── inherits@2.0.1 
│ │ │ └── vm-browserify@0.0.4 
│ │ ├─┬ supports-color@4.5.0 
│ │ │ └── has-flag@2.0.0 
│ │ ├── tapable@0.2.8 
│ │ ├─┬ uglifyjs-webpack-plugin@0.4.6 
│ │ │ └─┬ uglify-js@2.8.29 
│ │ │   └─┬ yargs@3.10.0 
│ │ │     ├── camelcase@1.2.1 
│ │ │     └─┬ cliui@2.1.0 
│ │ │       └── wordwrap@0.0.2 
│ │ ├── watchpack@1.4.0 
│ │ └─┬ yargs@8.0.2 
│ │   ├── camelcase@4.1.0 
│ │   ├─┬ os-locale@2.1.0 
│ │   │ ├─┬ execa@0.7.0 
│ │   │ │ ├─┬ cross-spawn@5.1.0 
│ │   │ │ │ └─┬ shebang-command@1.2.0 
│ │   │ │ │   └── shebang-regex@1.0.0 
│ │   │ │ ├── get-stream@3.0.0 
│ │   │ │ ├── is-stream@1.1.0 
│ │   │ │ ├─┬ npm-run-path@2.0.2 
│ │   │ │ │ └── path-key@2.0.1 
│ │   │ │ ├── p-finally@1.0.0 
│ │   │ │ └── strip-eof@1.0.0 
│ │   │ └─┬ mem@1.1.0 
│ │   │   └── mimic-fn@1.1.0 
│ │   ├─┬ read-pkg-up@2.0.0 
│ │   │ ├─┬ find-up@2.1.0 
│ │   │ │ └─┬ locate-path@2.0.0 
│ │   │ │   ├─┬ p-locate@2.0.0 
│ │   │ │   │ └── p-limit@1.1.0 
│ │   │ │   └── path-exists@3.0.0 
│ │   │ └─┬ read-pkg@2.0.0 
│ │   │   ├─┬ load-json-file@2.0.0 
│ │   │   │ └── strip-bom@3.0.0 
│ │   │   └── path-type@2.0.0 
│ │   ├─┬ string-width@2.1.1 
│ │   │ ├── is-fullwidth-code-point@2.0.0 
│ │   │ └─┬ strip-ansi@4.0.0 
│ │   │   └── ansi-regex@3.0.0 
│ │   ├── which-module@2.0.0 
│ │   └── yargs-parser@7.0.0 
│ ├─┬ webpack-concat-plugin@1.4.0 
│ │ ├─┬ md5@2.2.1 
│ │ │ ├── charenc@0.0.2 
│ │ │ ├── crypt@0.0.2 
│ │ │ └── is-buffer@1.1.5 
│ │ └─┬ uglify-js@2.8.29 
│ │   ├── uglify-to-browserify@1.0.2 
│ │   └─┬ yargs@3.10.0 
│ │     ├── camelcase@1.2.1 
│ │     ├─┬ cliui@2.1.0 
│ │     │ ├─┬ center-align@0.1.3 
│ │     │ │ ├─┬ align-text@0.1.4 
│ │     │ │ │ ├── longest@1.0.1 
│ │     │ │ │ └── repeat-string@1.6.1 
│ │     │ │ └── lazy-cache@1.0.4 
│ │     │ ├── right-align@0.1.3 
│ │     │ └── wordwrap@0.0.2 
│ │     └── window-size@0.1.0 
│ ├─┬ webpack-dev-middleware@1.12.0 
│ │ └── time-stamp@2.0.0 
│ ├─┬ webpack-dev-server@2.7.1 
│ │ ├── ansi-html@0.0.7 
│ │ ├─┬ bonjour@3.5.0 
│ │ │ ├── array-flatten@2.1.1 
│ │ │ ├── deep-equal@1.0.1 
│ │ │ ├── dns-equal@1.0.0 
│ │ │ ├─┬ dns-txt@2.0.2 
│ │ │ │ └── buffer-indexof@1.1.1 
│ │ │ ├─┬ multicast-dns@6.1.1 
│ │ │ │ ├── dns-packet@1.2.2 
│ │ │ │ └── thunky@0.1.0 
│ │ │ └── multicast-dns-service-types@1.1.0 
│ │ ├── connect-history-api-fallback@1.4.0 
│ │ ├─┬ del@3.0.0 
│ │ │ ├─┬ globby@6.1.0 
│ │ │ │ └─┬ array-union@1.0.2 
│ │ │ │   └── array-uniq@1.0.3 
│ │ │ ├── is-path-cwd@1.0.0 
│ │ │ ├─┬ is-path-in-cwd@1.0.0 
│ │ │ │ └─┬ is-path-inside@1.0.0 
│ │ │ │   └── path-is-inside@1.0.2 
│ │ │ ├── p-map@1.2.0 
│ │ │ └── pify@3.0.0 
│ │ ├── html-entities@1.2.1 
│ │ ├─┬ http-proxy-middleware@0.17.4 
│ │ │ ├── is-glob@3.1.0 
│ │ │ └─┬ micromatch@2.3.11 
│ │ │   ├─┬ arr-diff@2.0.0 
│ │ │   │ └── arr-flatten@1.1.0 
│ │ │   ├─┬ braces@1.8.5 
│ │ │   │ ├─┬ expand-range@1.8.2 
│ │ │   │ │ └─┬ fill-range@2.2.3 
│ │ │   │ │   ├── is-number@2.1.0 
│ │ │   │ │   ├── isobject@2.1.0 
│ │ │   │ │   └─┬ randomatic@1.1.7 
│ │ │   │ │     ├─┬ is-number@3.0.0 
│ │ │   │ │     │ └── kind-of@3.2.2 
│ │ │   │ │     └── kind-of@4.0.0 
│ │ │   │ ├── preserve@0.2.0 
│ │ │   │ └── repeat-element@1.1.2 
│ │ │   ├─┬ expand-brackets@0.1.5 
│ │ │   │ └── is-posix-bracket@0.1.1 
│ │ │   ├─┬ extglob@0.3.2 
│ │ │   │ └── is-extglob@1.0.0 
│ │ │   ├── filename-regex@2.0.1 
│ │ │   ├── is-extglob@1.0.0 
│ │ │   ├── is-glob@2.0.1 
│ │ │   ├─┬ object.omit@2.0.1 
│ │ │   │ └── for-own@0.1.5 
│ │ │   ├─┬ parse-glob@3.0.4 
│ │ │   │ ├─┬ glob-base@0.3.0 
│ │ │   │ │ └─┬ is-glob@2.0.1 
│ │ │   │ │   └── is-extglob@1.0.0 
│ │ │   │ ├── is-dotfile@1.0.3 
│ │ │   │ ├── is-extglob@1.0.0 
│ │ │   │ └── is-glob@2.0.1 
│ │ │   └─┬ regex-cache@0.4.4 
│ │ │     └─┬ is-equal-shallow@0.1.3 
│ │ │       └── is-primitive@2.0.0 
│ │ ├── internal-ip@1.2.0 
│ │ ├── ip@1.1.5 
│ │ ├── loglevel@1.5.1 
│ │ ├─┬ opn@4.0.2 
│ │ │ └─┬ pinkie-promise@2.0.1 
│ │ │   └── pinkie@2.0.4 
│ │ ├─┬ selfsigned@1.10.1 
│ │ │ └── node-forge@0.6.33 
│ │ ├─┬ serve-index@1.9.1 
│ │ │ └── batch@0.6.1 
│ │ ├─┬ sockjs@0.3.18 
│ │ │ ├─┬ faye-websocket@0.10.0 
│ │ │ │ └─┬ websocket-driver@0.7.0 
│ │ │ │   ├── http-parser-js@0.4.9 
│ │ │ │   └── websocket-extensions@0.1.2 
│ │ │ └── uuid@2.0.3 
│ │ ├─┬ sockjs-client@1.1.4 
│ │ │ ├─┬ eventsource@0.1.6 
│ │ │ │ └─┬ original@1.0.0 
│ │ │ │   └─┬ url-parse@1.0.5 
│ │ │ │     └── querystringify@0.0.4 
│ │ │ ├── faye-websocket@0.11.1 
│ │ │ ├── json3@3.3.2 
│ │ │ └─┬ url-parse@1.1.9 
│ │ │   └── querystringify@1.0.0 
│ │ ├─┬ spdy@3.4.7 
│ │ │ ├── handle-thing@1.2.5 
│ │ │ ├── http-deceiver@1.2.7 
│ │ │ ├── select-hose@2.0.0 
│ │ │ └─┬ spdy-transport@2.0.20 
│ │ │   ├── detect-node@2.0.3 
│ │ │   ├── hpack.js@2.1.6 
│ │ │   ├── obuf@1.1.1 
│ │ │   └─┬ wbuf@1.7.2 
│ │ │     └── minimalistic-assert@1.0.0 
│ │ ├─┬ strip-ansi@3.0.1 
│ │ │ └── ansi-regex@2.1.1 
│ │ ├─┬ supports-color@3.2.3 
│ │ │ └── has-flag@1.0.0 
│ │ └─┬ yargs@6.6.0 
│ │   ├── camelcase@3.0.0 
│ │   └── yargs-parser@4.2.1 
│ ├── webpack-merge@4.1.0 
│ └── webpack-sources@1.0.1 
├── @angular/common@4.4.6 
├── @angular/compiler@4.4.6 
├─┬ @angular/compiler-cli@4.4.6 
│ ├─┬ @angular/tsc-wrapped@4.4.6 
│ │ └── tsickle@0.21.6 
│ ├── minimist@1.2.0 
│ └── reflect-metadata@0.1.10 
├── @angular/core@4.4.6 
├── @angular/forms@4.4.6 
├── @angular/http@4.4.6 
├── @angular/language-service@4.4.6 
├── @angular/platform-browser@4.4.6 
├── @angular/platform-browser-dynamic@4.4.6 
├─┬ @angular/platform-server@4.4.6 
│ ├── parse5@3.0.2 
│ └── xhr2@0.1.4 
├── @angular/router@4.4.6 
├── @types/jasmine@2.6.0 
├── @types/jasminewd2@2.0.3 
├── @types/node@8.0.46 
├── angular2-notifications@0.7.8 
├── angulartics2@3.0.0 
├─┬ apollo-angular@0.13.3 
│ ├── UNMET PEER DEPENDENCY apollo-client@>=1.0.0-beta <2.0.0
│ └── apollo-client-rxjs@0.6.0-rc.2 
├─┬ UNMET PEER DEPENDENCY apollo-client@2.0.1
│ ├── @types/async@2.0.44 
│ ├── apollo-cache@1.0.0 
│ ├─┬ apollo-link@1.0.0 
│ │ ├── apollo-utilities@0.2.0-rc.3 
│ │ └── zen-observable@0.6.0 
│ ├── apollo-link-dedup@1.0.0 
│ ├── apollo-utilities@1.0.0 
│ ├── UNMET PEER DEPENDENCY graphql@^0.11.3
│ └── symbol-observable@1.0.4 
├── bootstrap-sass@3.3.7 
├─┬ chai@4.1.2 
│ ├── assertion-error@1.0.2 
│ ├── check-error@1.0.2 
│ ├── deep-eql@3.0.1 
│ ├── get-func-name@2.0.0 
│ ├── pathval@1.1.0 
│ └── type-detect@4.0.3 
├─┬ codelyzer@3.2.2 
│ ├── app-root-path@2.0.1 
│ ├─┬ css-selector-tokenizer@0.7.0 
│ │ ├── cssesc@0.1.0 
│ │ ├── fastparse@1.1.1 
│ │ └─┬ regexpu-core@1.0.0 
│ │   ├── regenerate@1.3.3 
│ │   ├── regjsgen@0.2.0 
│ │   └─┬ regjsparser@0.1.5 
│ │     └── jsesc@0.5.0 
│ ├─┬ cssauron@1.4.0 
│ │ └── through@2.3.8 
│ ├── semver-dsl@1.0.1 
│ ├── source-map@0.5.7 
│ └── sprintf-js@1.0.3 
├── core-js@2.5.1 
├── font-awesome@4.7.0 
├── UNMET PEER DEPENDENCY graphql@^0.11.0
├── graphql-tag@2.5.0 
├── install@0.10.1 
├── jasmine-core@2.8.0 
├─┬ jasmine-reporters@2.2.1 
│ ├─┬ mkdirp@0.5.1 
│ │ └── minimist@0.0.8 
│ └── xmldom@0.1.27 
├─┬ jasmine-spec-reporter@4.2.1 
│ └── colors@1.1.2 
├── jquery@3.2.1 
├─┬ json-server@0.12.0 
│ ├─┬ body-parser@1.18.2 
│ │ ├── bytes@3.0.0 
│ │ ├── content-type@1.0.4 
│ │ ├── depd@1.1.1 
│ │ ├─┬ http-errors@1.6.2 
│ │ │ └── setprototypeof@1.0.3 
│ │ ├── iconv-lite@0.4.19 
│ │ ├─┬ on-finished@2.3.0 
│ │ │ └── ee-first@1.1.1 
│ │ ├── qs@6.5.1 
│ │ ├─┬ raw-body@2.3.2 
│ │ │ └── unpipe@1.0.0 
│ │ └─┬ type-is@1.6.15 
│ │   └── media-typer@0.3.0 
│ ├─┬ chalk@1.1.3 
│ │ ├── ansi-styles@2.2.1 
│ │ ├── has-ansi@2.0.0 
│ │ └── supports-color@2.0.0 
│ ├─┬ compression@1.7.1 
│ │ ├─┬ accepts@1.3.4 
│ │ │ └── negotiator@0.6.1 
│ │ ├─┬ compressible@2.0.12 
│ │ │ └── mime-db@1.30.0 
│ │ ├── on-headers@1.0.1 
│ │ └── vary@1.1.2 
│ ├── connect-pause@0.1.0 
│ ├── cors@2.8.4 
│ ├─┬ errorhandler@1.5.0 
│ │ └── escape-html@1.0.3 
│ ├─┬ express@4.16.2 
│ │ ├── array-flatten@1.1.1 
│ │ ├── content-disposition@0.5.2 
│ │ ├── cookie@0.3.1 
│ │ ├── cookie-signature@1.0.6 
│ │ ├── encodeurl@1.0.1 
│ │ ├── etag@1.8.1 
│ │ ├── finalhandler@1.1.0 
│ │ ├── fresh@0.5.2 
│ │ ├── merge-descriptors@1.0.1 
│ │ ├── methods@1.1.2 
│ │ ├── parseurl@1.3.2 
│ │ ├── path-to-regexp@0.1.7 
│ │ ├─┬ proxy-addr@2.0.2 
│ │ │ ├── forwarded@0.1.2 
│ │ │ └── ipaddr.js@1.5.2 
│ │ ├── qs@6.5.1 
│ │ ├─┬ send@0.16.1 
│ │ │ └── destroy@1.0.4 
│ │ ├── serve-static@1.13.1 
│ │ ├── setprototypeof@1.1.0 
│ │ ├── statuses@1.3.1 
│ │ └── utils-merge@1.0.1 
│ ├─┬ express-urlrewrite@1.2.0 
│ │ └─┬ path-to-regexp@1.7.0 
│ │   └── isarray@0.0.1 
│ ├─┬ json-parse-helpfulerror@1.0.3 
│ │ └── jju@1.3.0 
│ ├── lodash-id@0.13.0 
│ ├─┬ lowdb@0.15.5 
│ │ ├── is-promise@2.1.0 
│ │ └── steno@0.4.4 
│ ├── method-override@2.3.10 
│ ├─┬ morgan@1.9.0 
│ │ └── basic-auth@2.0.0 
│ ├── object-assign@4.1.1 
│ ├── please-upgrade-node@3.0.1 
│ ├── pluralize@3.1.0 
│ ├─┬ request@2.81.0 
│ │ ├── aws-sign2@0.6.0 
│ │ ├── aws4@1.6.0 
│ │ ├── caseless@0.12.0 
│ │ ├─┬ combined-stream@1.0.5 
│ │ │ └── delayed-stream@1.0.0 
│ │ ├── extend@3.0.1 
│ │ ├── forever-agent@0.6.1 
│ │ ├─┬ form-data@2.1.4 
│ │ │ └── asynckit@0.4.0 
│ │ ├─┬ har-validator@4.2.1 
│ │ │ ├─┬ ajv@4.11.8 
│ │ │ │ └─┬ json-stable-stringify@1.0.1 
│ │ │ │   └── jsonify@0.0.0 
│ │ │ └── har-schema@1.0.5 
│ │ ├─┬ hawk@3.1.3 
│ │ │ ├── boom@2.10.1 
│ │ │ ├── cryptiles@2.0.5 
│ │ │ ├── hoek@2.16.3 
│ │ │ └── sntp@1.0.9 
│ │ ├─┬ http-signature@1.1.1 
│ │ │ ├── assert-plus@0.2.0 
│ │ │ ├─┬ jsprim@1.4.1 
│ │ │ │ ├── assert-plus@1.0.0 
│ │ │ │ ├── extsprintf@1.3.0 
│ │ │ │ ├── json-schema@0.2.3 
│ │ │ │ └─┬ verror@1.10.0 
│ │ │ │   └── assert-plus@1.0.0 
│ │ │ └─┬ sshpk@1.13.1 
│ │ │   ├── asn1@0.2.3 
│ │ │   ├── assert-plus@1.0.0 
│ │ │   ├── bcrypt-pbkdf@1.0.1 
│ │ │   ├─┬ dashdash@1.14.1 
│ │ │   │ └── assert-plus@1.0.0 
│ │ │   ├── ecc-jsbn@0.1.1 
│ │ │   ├─┬ getpass@0.1.7 
│ │ │   │ └── assert-plus@1.0.0 
│ │ │   ├── jsbn@0.1.1 
│ │ │   └── tweetnacl@0.14.5 
│ │ ├── is-typedarray@1.0.0 
│ │ ├── isstream@0.1.2 
│ │ ├── json-stringify-safe@5.0.1 
│ │ ├── mime-types@2.1.17 
│ │ ├── oauth-sign@0.8.2 
│ │ ├── performance-now@0.2.0 
│ │ ├── qs@6.4.0 
│ │ ├── stringstream@0.0.5 
│ │ ├── tough-cookie@2.3.3 
│ │ ├── tunnel-agent@0.6.0 
│ │ └── uuid@3.1.0 
│ ├── server-destroy@1.0.1 
│ ├── shortid@2.2.8 
│ ├─┬ update-notifier@1.0.3 
│ │ ├─┬ boxen@0.6.0 
│ │ │ ├── ansi-align@1.1.0 
│ │ │ ├── camelcase@2.1.1 
│ │ │ ├─┬ chalk@1.1.3 
│ │ │ │ └── supports-color@2.0.0 
│ │ │ ├── cli-boxes@1.0.0 
│ │ │ ├── filled-array@1.1.0 
│ │ │ ├─┬ repeating@2.0.1 
│ │ │ │ └── is-finite@1.0.2 
│ │ │ └── widest-line@1.0.0 
│ │ ├─┬ chalk@1.1.3 
│ │ │ └── supports-color@2.0.0 
│ │ ├─┬ configstore@2.1.0 
│ │ │ ├─┬ dot-prop@3.0.0 
│ │ │ │ └── is-obj@1.0.1 
│ │ │ ├── uuid@2.0.3 
│ │ │ └─┬ write-file-atomic@1.3.4 
│ │ │   ├── imurmurhash@0.1.4 
│ │ │   └── slide@1.1.6 
│ │ ├── is-npm@1.0.0 
│ │ ├─┬ latest-version@2.0.0 
│ │ │ └─┬ package-json@2.4.0 
│ │ │   ├─┬ got@5.7.1 
│ │ │   │ ├─┬ create-error-class@3.0.2 
│ │ │   │ │ └── capture-stack-trace@1.0.0 
│ │ │   │ ├── duplexer2@0.1.4 
│ │ │   │ ├── is-redirect@1.0.0 
│ │ │   │ ├── is-retry-allowed@1.1.0 
│ │ │   │ ├── lowercase-keys@1.0.0 
│ │ │   │ ├── node-status-codes@1.0.0 
│ │ │   │ ├── read-all-stream@3.1.0 
│ │ │   │ ├── timed-out@3.1.3 
│ │ │   │ ├── unzip-response@1.0.2 
│ │ │   │ └── url-parse-lax@1.0.0 
│ │ │   ├─┬ registry-auth-token@3.3.1 
│ │ │   │ └─┬ rc@1.2.2 
│ │ │   │   └── deep-extend@0.4.2 
│ │ │   └── registry-url@3.1.0 
│ │ ├── lazy-req@1.1.0 
│ │ ├── semver-diff@2.1.0 
│ │ └── xdg-basedir@2.0.0 
│ └─┬ yargs@6.6.0 
│   ├── camelcase@3.0.0 
│   ├─┬ cliui@3.2.0 
│   │ └── wrap-ansi@2.1.0 
│   ├── get-caller-file@1.0.2 
│   ├─┬ os-locale@1.4.0 
│   │ └─┬ lcid@1.0.0 
│   │   └── invert-kv@1.0.0 
│   ├─┬ read-pkg-up@1.0.1 
│   │ ├─┬ find-up@1.1.2 
│   │ │ └── path-exists@2.1.0 
│   │ └─┬ read-pkg@1.1.0 
│   │   ├─┬ load-json-file@1.1.0 
│   │   │ └─┬ strip-bom@2.0.0 
│   │   │   └── is-utf8@0.2.1 
│   │   └── path-type@1.1.0 
│   ├── require-directory@2.1.1 
│   ├── require-main-filename@1.0.1 
│   ├── set-blocking@2.0.0 
│   ├─┬ string-width@1.0.2 
│   │ ├── code-point-at@1.1.0 
│   │ └─┬ is-fullwidth-code-point@1.0.0 
│   │   └── number-is-nan@1.0.1 
│   ├── which-module@1.0.0 
│   ├── y18n@3.2.1 
│   └── yargs-parser@4.2.1 
├─┬ karma@1.7.1 
│ ├── bluebird@3.5.1 
│ ├─┬ chokidar@1.7.0 
│ │ ├─┬ anymatch@1.3.2 
│ │ │ └─┬ normalize-path@2.1.1 
│ │ │   └── remove-trailing-separator@1.1.0 
│ │ ├── async-each@1.0.1 
│ │ ├─┬ fsevents@1.1.2 
│ │ │ └─┬ node-pre-gyp@0.6.36 
│ │ │   ├─┬ mkdirp@0.5.1 
│ │ │   │ └── minimist@0.0.8 
│ │ │   ├─┬ nopt@4.0.1 
│ │ │   │ ├── abbrev@1.1.0 
│ │ │   │ └─┬ osenv@0.1.4 
│ │ │   │   ├── os-homedir@1.0.2 
│ │ │   │   └── os-tmpdir@1.0.2 
│ │ │   ├─┬ npmlog@4.1.0 
│ │ │   │ ├─┬ are-we-there-yet@1.1.4 
│ │ │   │ │ └── delegates@1.0.0 
│ │ │   │ ├── console-control-strings@1.1.0 
│ │ │   │ ├─┬ gauge@2.7.4 
│ │ │   │ │ ├── aproba@1.1.1 
│ │ │   │ │ ├── has-unicode@2.0.1 
│ │ │   │ │ ├── object-assign@4.1.1 
│ │ │   │ │ ├── signal-exit@3.0.2 
│ │ │   │ │ ├─┬ string-width@1.0.2 
│ │ │   │ │ │ ├── code-point-at@1.1.0 
│ │ │   │ │ │ └─┬ is-fullwidth-code-point@1.0.0 
│ │ │   │ │ │   └── number-is-nan@1.0.1 
│ │ │   │ │ ├─┬ strip-ansi@3.0.1 
│ │ │   │ │ │ └── ansi-regex@2.1.1 
│ │ │   │ │ └── wide-align@1.1.2 
│ │ │   │ └── set-blocking@2.0.0 
│ │ │   ├─┬ rc@1.2.1 
│ │ │   │ ├── deep-extend@0.4.2 
│ │ │   │ ├── ini@1.3.4 
│ │ │   │ ├── minimist@1.2.0 
│ │ │   │ └── strip-json-comments@2.0.1 
│ │ │   ├─┬ request@2.81.0 
│ │ │   │ ├── aws-sign2@0.6.0 
│ │ │   │ ├── aws4@1.6.0 
│ │ │   │ ├── caseless@0.12.0 
│ │ │   │ ├─┬ combined-stream@1.0.5 
│ │ │   │ │ └── delayed-stream@1.0.0 
│ │ │   │ ├── extend@3.0.1 
│ │ │   │ ├── forever-agent@0.6.1 
│ │ │   │ ├─┬ form-data@2.1.4 
│ │ │   │ │ └── asynckit@0.4.0 
│ │ │   │ ├─┬ har-validator@4.2.1 
│ │ │   │ │ ├─┬ ajv@4.11.8 
│ │ │   │ │ │ ├── co@4.6.0 
│ │ │   │ │ │ └─┬ json-stable-stringify@1.0.1 
│ │ │   │ │ │   └── jsonify@0.0.0 
│ │ │   │ │ └── har-schema@1.0.5 
│ │ │   │ ├─┬ hawk@3.1.3 
│ │ │   │ │ ├── boom@2.10.1 
│ │ │   │ │ ├── cryptiles@2.0.5 
│ │ │   │ │ ├── hoek@2.16.3 
│ │ │   │ │ └── sntp@1.0.9 
│ │ │   │ ├─┬ http-signature@1.1.1 
│ │ │   │ │ ├── assert-plus@0.2.0 
│ │ │   │ │ ├─┬ jsprim@1.4.0 
│ │ │   │ │ │ ├── assert-plus@1.0.0 
│ │ │   │ │ │ ├── extsprintf@1.0.2 
│ │ │   │ │ │ ├── json-schema@0.2.3 
│ │ │   │ │ │ └── verror@1.3.6 
│ │ │   │ │ └─┬ sshpk@1.13.0 
│ │ │   │ │   ├── asn1@0.2.3 
│ │ │   │ │   ├── assert-plus@1.0.0 
│ │ │   │ │   ├── bcrypt-pbkdf@1.0.1 
│ │ │   │ │   ├─┬ dashdash@1.14.1 
│ │ │   │ │   │ └── assert-plus@1.0.0 
│ │ │   │ │   ├── ecc-jsbn@0.1.1 
│ │ │   │ │   ├─┬ getpass@0.1.7 
│ │ │   │ │   │ └── assert-plus@1.0.0 
│ │ │   │ │   ├── jodid25519@1.0.2 
│ │ │   │ │   ├── jsbn@0.1.1 
│ │ │   │ │   └── tweetnacl@0.14.5 
│ │ │   │ ├── is-typedarray@1.0.0 
│ │ │   │ ├── isstream@0.1.2 
│ │ │   │ ├── json-stringify-safe@5.0.1 
│ │ │   │ ├─┬ mime-types@2.1.15 
│ │ │   │ │ └── mime-db@1.27.0 
│ │ │   │ ├── oauth-sign@0.8.2 
│ │ │   │ ├── performance-now@0.2.0 
│ │ │   │ ├── qs@6.4.0 
│ │ │   │ ├── safe-buffer@5.0.1 
│ │ │   │ ├── stringstream@0.0.5 
│ │ │   │ ├─┬ tough-cookie@2.3.2 
│ │ │   │ │ └── punycode@1.4.1 
│ │ │   │ ├── tunnel-agent@0.6.0 
│ │ │   │ └── uuid@3.0.1 
│ │ │   ├─┬ rimraf@2.6.1 
│ │ │   │ └─┬ glob@7.1.2 
│ │ │   │   ├── fs.realpath@1.0.0 
│ │ │   │   ├── inflight@1.0.6 
│ │ │   │   ├─┬ minimatch@3.0.4 
│ │ │   │   │ └─┬ brace-expansion@1.1.7 
│ │ │   │   │   ├── balanced-match@0.4.2 
│ │ │   │   │   └── concat-map@0.0.1 
│ │ │   │   └── path-is-absolute@1.0.1 
│ │ │   ├── semver@5.3.0 
│ │ │   ├─┬ tar@2.2.1 
│ │ │   │ ├── block-stream@0.0.9 
│ │ │   │ ├─┬ fstream@1.0.11 
│ │ │   │ │ └── graceful-fs@4.1.11 
│ │ │   │ └── inherits@2.0.3 
│ │ │   └─┬ tar-pack@3.4.0 
│ │ │     ├─┬ debug@2.6.8 
│ │ │     │ └── ms@2.0.0 
│ │ │     ├── fstream-ignore@1.0.5 
│ │ │     ├─┬ once@1.4.0 
│ │ │     │ └── wrappy@1.0.2 
│ │ │     ├─┬ readable-stream@2.2.9 
│ │ │     │ ├── buffer-shims@1.0.0 
│ │ │     │ ├── core-util-is@1.0.2 
│ │ │     │ ├── isarray@1.0.0 
│ │ │     │ ├── process-nextick-args@1.0.7 
│ │ │     │ ├── string_decoder@1.0.1 
│ │ │     │ └── util-deprecate@1.0.2 
│ │ │     └── uid-number@0.0.6 
│ │ ├─┬ glob-parent@2.0.0 
│ │ │ └─┬ is-glob@2.0.1 
│ │ │   └── is-extglob@1.0.0 
│ │ ├─┬ is-binary-path@1.0.1 
│ │ │ └── binary-extensions@1.10.0 
│ │ ├─┬ is-glob@2.0.1 
│ │ │ └── is-extglob@1.0.0 
│ │ └─┬ readdirp@2.1.0 
│ │   └── set-immediate-shim@1.0.1 
│ ├── combine-lists@1.0.1 
│ ├─┬ connect@3.6.5 
│ │ └── finalhandler@1.0.6 
│ ├── di@0.0.1 
│ ├─┬ dom-serialize@2.2.1 
│ │ ├── custom-event@1.0.1 
│ │ ├── ent@2.2.0 
│ │ └── void-elements@2.0.1 
│ ├─┬ expand-braces@0.1.2 
│ │ ├── array-slice@0.2.3 
│ │ ├── array-unique@0.2.1 
│ │ └─┬ braces@0.1.5 
│ │   └─┬ expand-range@0.1.1 
│ │     ├── is-number@0.1.1 
│ │     └── repeat-string@0.2.2 
│ ├── graceful-fs@4.1.11 
│ ├─┬ http-proxy@1.16.2 
│ │ ├── eventemitter3@1.2.0 
│ │ └── requires-port@1.0.0 
│ ├── isbinaryfile@3.0.2 
│ ├── lodash@3.10.1 
│ ├─┬ log4js@0.6.38 
│ │ ├─┬ readable-stream@1.0.34 
│ │ │ ├── isarray@0.0.1 
│ │ │ └── string_decoder@0.10.31 
│ │ └── semver@4.3.6 
│ ├── mime@1.4.1 
│ ├─┬ minimatch@3.0.4 
│ │ └─┬ brace-expansion@1.1.8 
│ │   ├── balanced-match@1.0.0 
│ │   └── concat-map@0.0.1 
│ ├─┬ optimist@0.6.1 
│ │ ├── minimist@0.0.10 
│ │ └── wordwrap@0.0.3 
│ ├── qjobs@1.1.5 
│ ├── range-parser@1.2.0 
│ ├── rimraf@2.6.2 
│ ├── safe-buffer@5.1.1 
│ ├─┬ socket.io@1.7.3 
│ │ ├─┬ debug@2.3.3 
│ │ │ └── ms@0.7.2 
│ │ ├─┬ engine.io@1.8.3 
│ │ │ ├── accepts@1.3.3 
│ │ │ ├── base64id@1.0.0 
│ │ │ ├─┬ debug@2.3.3 
│ │ │ │ └── ms@0.7.2 
│ │ │ ├─┬ engine.io-parser@1.3.2 
│ │ │ │ ├── after@0.8.2 
│ │ │ │ ├── arraybuffer.slice@0.0.6 
│ │ │ │ ├── base64-arraybuffer@0.1.5 
│ │ │ │ ├── blob@0.0.4 
│ │ │ │ └── wtf-8@1.0.0 
│ │ │ └─┬ ws@1.1.2 
│ │ │   ├── options@0.0.6 
│ │ │   └── ultron@1.0.2 
│ │ ├─┬ has-binary@0.1.7 
│ │ │ └── isarray@0.0.1 
│ │ ├── object-assign@4.1.0 
│ │ ├─┬ socket.io-adapter@0.5.0 
│ │ │ └─┬ debug@2.3.3 
│ │ │   └── ms@0.7.2 
│ │ ├─┬ socket.io-client@1.7.3 
│ │ │ ├── backo2@1.0.2 
│ │ │ ├── component-bind@1.0.0 
│ │ │ ├── component-emitter@1.2.1 
│ │ │ ├─┬ debug@2.3.3 
│ │ │ │ └── ms@0.7.2 
│ │ │ ├─┬ engine.io-client@1.8.3 
│ │ │ │ ├── component-emitter@1.2.1 
│ │ │ │ ├── component-inherit@0.0.3 
│ │ │ │ ├─┬ debug@2.3.3 
│ │ │ │ │ └── ms@0.7.2 
│ │ │ │ ├── has-cors@1.1.0 
│ │ │ │ ├── parsejson@0.0.3 
│ │ │ │ ├── parseqs@0.0.5 
│ │ │ │ ├── xmlhttprequest-ssl@1.5.3 
│ │ │ │ └── yeast@0.1.2 
│ │ │ ├── indexof@0.0.1 
│ │ │ ├── object-component@0.0.3 
│ │ │ ├─┬ parseuri@0.0.5 
│ │ │ │ └─┬ better-assert@1.0.2 
│ │ │ │   └── callsite@1.0.0 
│ │ │ └── to-array@0.1.4 
│ │ └─┬ socket.io-parser@2.3.1 
│ │   ├── component-emitter@1.1.2 
│ │   ├─┬ debug@2.2.0 
│ │   │ └── ms@0.7.1 
│ │   └── isarray@0.0.1 
│ ├─┬ tmp@0.0.31 
│ │ └── os-tmpdir@1.0.2 
│ └─┬ useragent@2.2.1 
│   └── lru-cache@2.2.4 
├─┬ karma-chrome-launcher@2.2.0 
│ ├─┬ fs-access@1.0.1 
│ │ └── null-check@1.0.0 
│ └─┬ which@1.3.0 
│   └── isexe@2.0.0 
├── karma-cli@1.0.1 
├─┬ karma-coverage-istanbul-reporter@1.3.0 
│ └─┬ istanbul-api@1.2.1 
│   ├── fileset@2.0.3 
│   ├── istanbul-lib-coverage@1.1.1 
│   ├─┬ istanbul-lib-hook@1.1.0 
│   │ └─┬ append-transform@0.4.0 
│   │   └── default-require-extensions@1.0.0 
│   ├── istanbul-lib-report@1.1.2 
│   ├─┬ istanbul-lib-source-maps@1.2.2 
│   │ └── debug@3.1.0 
│   ├─┬ istanbul-reports@1.1.3 
│   │ └─┬ handlebars@4.0.11 
│   │   ├── async@1.5.2 
│   │   ├─┬ optimist@0.6.1 
│   │   │ └── minimist@0.0.10 
│   │   ├── source-map@0.4.4 
│   │   └─┬ uglify-js@2.8.29 
│   │     ├── source-map@0.5.7 
│   │     └─┬ yargs@3.10.0 
│   │       ├── camelcase@1.2.1 
│   │       └─┬ cliui@2.1.0 
│   │         └── wordwrap@0.0.2 
│   └─┬ js-yaml@3.7.0 
│     ├── argparse@1.0.9 
│     └── esprima@2.7.3 
├── karma-jasmine@1.1.0 
├── karma-jasmine-html-reporter@0.2.2 
├── lodash@4.17.4 
├── moment@2.19.1 
├── ngx-bootstrap@1.9.3 
├─┬ ngx-perfect-scrollbar@4.8.4 
│ ├── perfect-scrollbar@0.8.1 
│ └── resize-observer-polyfill@1.4.2 
├── normalizr@3.2.4 
├─┬ npm@5.5.1 
│ ├── abbrev@1.1.1 
│ ├── ansi-regex@3.0.0 
│ ├── ansicolors@0.3.2 
│ ├── ansistyles@0.1.3 
│ ├── aproba@1.2.0 
│ ├── archy@1.0.0 
│ ├── bluebird@3.5.0 
│ ├─┬ cacache@9.2.9 
│ │ ├─┬ lru-cache@4.1.1 
│ │ │ ├── pseudomap@1.0.2 
│ │ │ └── yallist@2.1.2 
│ │ └── y18n@3.2.1 
│ ├── call-limit@1.1.0 
│ ├── chownr@1.0.1 
│ ├─┬ cli-table2@0.2.0 
│ │ ├── colors@1.1.2 
│ │ ├── lodash@3.10.1 
│ │ └─┬ string-width@1.0.2 
│ │   ├── code-point-at@1.1.0 
│ │   ├─┬ is-fullwidth-code-point@1.0.0 
│ │   │ └── number-is-nan@1.0.1 
│ │   └─┬ strip-ansi@3.0.1 
│ │     └── ansi-regex@2.1.1 
│ ├── cmd-shim@2.0.2 
│ ├─┬ columnify@1.5.4 
│ │ ├─┬ strip-ansi@3.0.1 
│ │ │ └── ansi-regex@2.1.1 
│ │ └─┬ wcwidth@1.0.1 
│ │   └─┬ defaults@1.0.3 
│ │     └── clone@1.0.2 
│ ├─┬ config-chain@1.1.11 
│ │ └── proto-list@1.2.4 
│ ├── debuglog@1.0.1 
│ ├── detect-indent@5.0.0 
│ ├─┬ dezalgo@1.0.3 
│ │ └── asap@2.0.5 
│ ├── editor@1.0.0 
│ ├── fs-vacuum@1.2.10 
│ ├── fs-write-stream-atomic@1.0.10 
│ ├─┬ glob@7.1.2 
│ │ ├── fs.realpath@1.0.0 
│ │ ├─┬ minimatch@3.0.4 
│ │ │ └─┬ brace-expansion@1.1.8 
│ │ │   ├── balanced-match@1.0.0 
│ │ │   └── concat-map@0.0.1 
│ │ └── path-is-absolute@1.0.1 
│ ├── graceful-fs@4.1.11 
│ ├── has-unicode@2.0.1 
│ ├── hosted-git-info@2.5.0 
│ ├── iferr@0.1.5 
│ ├── imurmurhash@0.1.4 
│ ├── inflight@1.0.6 
│ ├── inherits@2.0.3 
│ ├── ini@1.3.4 
│ ├─┬ init-package-json@1.10.1 
│ │ └── promzard@0.3.0 
│ ├─┬ is-cidr@1.0.0 
│ │ └── cidr-regex@1.0.6 
│ ├─┬ JSONStream@1.3.1 
│ │ ├── jsonparse@1.3.1 
│ │ └── through@2.3.8 
│ ├── lazy-property@1.0.0 
│ ├─┬ libnpx@9.6.0 
│ │ ├── dotenv@4.0.0 
│ │ ├── y18n@3.2.1 
│ │ └─┬ yargs@8.0.2 
│ │   ├── camelcase@4.1.0 
│ │   ├─┬ cliui@3.2.0 
│ │   │ ├─┬ string-width@1.0.2 
│ │   │ │ ├── code-point-at@1.1.0 
│ │   │ │ └─┬ is-fullwidth-code-point@1.0.0 
│ │   │ │   └── number-is-nan@1.0.1 
│ │   │ ├─┬ strip-ansi@3.0.1 
│ │   │ │ └── ansi-regex@2.1.1 
│ │   │ └── wrap-ansi@2.1.0 
│ │   ├── decamelize@1.2.0 
│ │   ├── get-caller-file@1.0.2 
│ │   ├─┬ os-locale@2.1.0 
│ │   │ ├─┬ execa@0.7.0 
│ │   │ │ ├─┬ cross-spawn@5.1.0 
│ │   │ │ │ └─┬ shebang-command@1.2.0 
│ │   │ │ │   └── shebang-regex@1.0.0 
│ │   │ │ ├── get-stream@3.0.0 
│ │   │ │ ├── is-stream@1.1.0 
│ │   │ │ ├─┬ npm-run-path@2.0.2 
│ │   │ │ │ └── path-key@2.0.1 
│ │   │ │ ├── p-finally@1.0.0 
│ │   │ │ ├── signal-exit@3.0.2 
│ │   │ │ └── strip-eof@1.0.0 
│ │   │ ├─┬ lcid@1.0.0 
│ │   │ │ └── invert-kv@1.0.0 
│ │   │ └─┬ mem@1.1.0 
│ │   │   └── mimic-fn@1.1.0 
│ │   ├─┬ read-pkg-up@2.0.0 
│ │   │ ├─┬ find-up@2.1.0 
│ │   │ │ └─┬ locate-path@2.0.0 
│ │   │ │   ├─┬ p-locate@2.0.0 
│ │   │ │   │ └── p-limit@1.1.0 
│ │   │ │   └── path-exists@3.0.0 
│ │   │ └─┬ read-pkg@2.0.0 
│ │   │   ├─┬ load-json-file@2.0.0 
│ │   │   │ ├─┬ parse-json@2.2.0 
│ │   │   │ │ └─┬ error-ex@1.3.1 
│ │   │   │ │   └── is-arrayish@0.2.1 
│ │   │   │ ├── pify@2.3.0 
│ │   │   │ └── strip-bom@3.0.0 
│ │   │   └─┬ path-type@2.0.0 
│ │   │     └── pify@2.3.0 
│ │   ├── require-directory@2.1.1 
│ │   ├── require-main-filename@1.0.1 
│ │   ├── set-blocking@2.0.0 
│ │   ├─┬ string-width@2.1.1 
│ │   │ └── is-fullwidth-code-point@2.0.0 
│ │   ├── which-module@2.0.0 
│ │   └── yargs-parser@7.0.0 
│ ├── lockfile@1.0.3 
│ ├── lodash._baseindexof@3.1.0 
│ ├─┬ lodash._baseuniq@4.6.0 
│ │ ├── lodash._createset@4.0.3 
│ │ └── lodash._root@3.0.1 
│ ├── lodash._bindcallback@3.0.1 
│ ├── lodash._cacheindexof@3.0.2 
│ ├── lodash._createcache@3.1.2 
│ ├── lodash._getnative@3.9.1 
│ ├── lodash.clonedeep@4.5.0 
│ ├── lodash.restparam@3.6.1 
│ ├── lodash.union@4.6.0 
│ ├── lodash.uniq@4.5.0 
│ ├── lodash.without@4.4.0 
│ ├─┬ lru-cache@4.1.1 
│ │ ├── pseudomap@1.0.2 
│ │ └── yallist@2.1.2 
│ ├── meant@1.0.1 
│ ├─┬ mississippi@1.3.0 
│ │ ├─┬ concat-stream@1.6.0 
│ │ │ └── typedarray@0.0.6 
│ │ ├─┬ duplexify@3.5.0 
│ │ │ ├─┬ end-of-stream@1.0.0 
│ │ │ │ └── once@1.3.3 
│ │ │ └── stream-shift@1.0.0 
│ │ ├── end-of-stream@1.4.0 
│ │ ├── flush-write-stream@1.0.2 
│ │ ├── from2@2.3.0 
│ │ ├─┬ parallel-transform@1.1.0 
│ │ │ └── cyclist@0.2.2 
│ │ ├── pump@1.0.2 
│ │ ├── pumpify@1.3.5 
│ │ ├─┬ stream-each@1.2.0 
│ │ │ └── stream-shift@1.0.0 
│ │ └─┬ through2@2.0.3 
│ │   └── xtend@4.0.1 
│ ├─┬ mkdirp@0.5.1 
│ │ └── minimist@0.0.8 
│ ├─┬ move-concurrently@1.0.1 
│ │ ├── copy-concurrently@1.0.3 
│ │ └── run-queue@1.0.3 
│ ├─┬ node-gyp@3.6.2 
│ │ ├── fstream@1.0.11 
│ │ ├─┬ minimatch@3.0.4 
│ │ │ └─┬ brace-expansion@1.1.8 
│ │ │   ├── balanced-match@1.0.0 
│ │ │   └── concat-map@0.0.1 
│ │ ├── nopt@3.0.6 
│ │ ├── semver@5.3.0 
│ │ └─┬ tar@2.2.1 
│ │   └── block-stream@0.0.9 
│ ├── nopt@4.0.1 
│ ├─┬ normalize-package-data@2.4.0 
│ │ └─┬ is-builtin-module@1.0.0 
│ │   └── builtin-modules@1.1.1 
│ ├── npm-cache-filename@1.0.2 
│ ├── npm-install-checks@3.0.0 
│ ├── npm-lifecycle@1.0.3 
│ ├── npm-package-arg@5.1.2 
│ ├─┬ npm-packlist@1.1.9 
│ │ ├─┬ ignore-walk@3.0.0 
│ │ │ └─┬ minimatch@3.0.4 
│ │ │   └─┬ brace-expansion@1.1.8 
│ │ │     ├── balanced-match@1.0.0 
│ │ │     └── concat-map@0.0.1 
│ │ └── npm-bundled@1.0.3 
│ ├─┬ npm-profile@2.0.4 
│ │ └─┬ make-fetch-happen@2.5.0 
│ │   ├─┬ agentkeepalive@3.3.0 
│ │   │ └─┬ humanize-ms@1.2.1 
│ │   │   └── ms@2.0.0 
│ │   ├── http-cache-semantics@3.7.3 
│ │   ├─┬ http-proxy-agent@2.0.0 
│ │   │ ├─┬ agent-base@4.1.1 
│ │   │ │ └─┬ es6-promisify@5.0.0 
│ │   │ │   └── es6-promise@4.1.1 
│ │   │ └─┬ debug@2.6.9 
│ │   │   └── ms@2.0.0 
│ │   ├─┬ https-proxy-agent@2.1.0 
│ │   │ ├─┬ agent-base@4.1.1 
│ │   │ │ └─┬ es6-promisify@5.0.0 
│ │   │ │   └── es6-promise@4.1.1 
│ │   │ └─┬ debug@2.6.9 
│ │   │   └── ms@2.0.0 
│ │   ├─┬ node-fetch-npm@2.0.2 
│ │   │ ├─┬ encoding@0.1.12 
│ │   │ │ └── iconv-lite@0.4.19 
│ │   │ └── json-parse-better-errors@1.0.1 
│ │   ├─┬ promise-retry@1.1.1 
│ │   │ └── err-code@1.1.2 
│ │   └─┬ socks-proxy-agent@3.0.1 
│ │     ├─┬ agent-base@4.1.1 
│ │     │ └─┬ es6-promisify@5.0.0 
│ │     │   └── es6-promise@4.1.1 
│ │     └─┬ socks@1.1.10 
│ │       ├── ip@1.1.5 
│ │       └── smart-buffer@1.1.15 
│ ├─┬ npm-registry-client@8.5.0 
│ │ └─┬ concat-stream@1.6.0 
│ │   └── typedarray@0.0.6 
│ ├── npm-user-validate@1.0.0 
│ ├─┬ npmlog@4.1.2 
│ │ ├─┬ are-we-there-yet@1.1.4 
│ │ │ └── delegates@1.0.0 
│ │ ├── console-control-strings@1.1.0 
│ │ ├─┬ gauge@2.7.4 
│ │ │ ├── object-assign@4.1.1 
│ │ │ ├── signal-exit@3.0.2 
│ │ │ ├─┬ string-width@1.0.2 
│ │ │ │ ├── code-point-at@1.1.0 
│ │ │ │ └─┬ is-fullwidth-code-point@1.0.0 
│ │ │ │   └── number-is-nan@1.0.1 
│ │ │ ├─┬ strip-ansi@3.0.1 
│ │ │ │ └── ansi-regex@2.1.1 
│ │ │ └── wide-align@1.1.2 
│ │ └── set-blocking@2.0.0 
│ ├── once@1.4.0 
│ ├── opener@1.4.3 
│ ├─┬ osenv@0.1.4 
│ │ ├── os-homedir@1.0.2 
│ │ └── os-tmpdir@1.0.2 
│ ├─┬ pacote@6.0.2 
│ │ ├─┬ make-fetch-happen@2.5.0 
│ │ │ ├─┬ agentkeepalive@3.3.0 
│ │ │ │ └─┬ humanize-ms@1.2.1 
│ │ │ │   └── ms@2.0.0 
│ │ │ ├── http-cache-semantics@3.7.3 
│ │ │ ├─┬ http-proxy-agent@2.0.0 
│ │ │ │ ├─┬ agent-base@4.1.1 
│ │ │ │ │ └─┬ es6-promisify@5.0.0 
│ │ │ │ │   └── es6-promise@4.1.1 
│ │ │ │ └─┬ debug@2.6.8 
│ │ │ │   └── ms@2.0.0 
│ │ │ ├─┬ https-proxy-agent@2.1.0 
│ │ │ │ ├─┬ agent-base@4.1.1 
│ │ │ │ │ └─┬ es6-promisify@5.0.0 
│ │ │ │ │   └── es6-promise@4.1.1 
│ │ │ │ └─┬ debug@2.6.8 
│ │ │ │   └── ms@2.0.0 
│ │ │ ├─┬ node-fetch-npm@2.0.2 
│ │ │ │ ├─┬ encoding@0.1.12 
│ │ │ │ │ └── iconv-lite@0.4.18 
│ │ │ │ └── json-parse-better-errors@1.0.1 
│ │ │ └─┬ socks-proxy-agent@3.0.0 
│ │ │   ├─┬ agent-base@4.1.1 
│ │ │   │ └─┬ es6-promisify@5.0.0 
│ │ │   │   └── es6-promise@4.1.1 
│ │ │   └─┬ socks@1.1.10 
│ │ │     ├── ip@1.1.5 
│ │ │     └── smart-buffer@1.1.15 
│ │ ├─┬ minimatch@3.0.4 
│ │ │ └─┬ brace-expansion@1.1.8 
│ │ │   ├── balanced-match@1.0.0 
│ │ │   └── concat-map@0.0.1 
│ │ ├── npm-pick-manifest@1.0.4 
│ │ ├─┬ promise-retry@1.1.1 
│ │ │ └── err-code@1.1.2 
│ │ └─┬ protoduck@4.0.0 
│ │   └── genfun@4.0.1 
│ ├── path-is-inside@1.0.2 
│ ├── promise-inflight@1.0.1 
│ ├── qrcode-terminal@0.11.0 
│ ├─┬ query-string@5.0.0 
│ │ ├── decode-uri-component@0.2.0 
│ │ ├── object-assign@4.1.1 
│ │ └── strict-uri-encode@1.1.0 
│ ├── qw@1.0.1 
│ ├─┬ read@1.0.7 
│ │ └── mute-stream@0.0.7 
│ ├── read-cmd-shim@1.0.1 
│ ├─┬ read-installed@4.0.3 
│ │ └── util-extend@1.0.3 
│ ├─┬ read-package-json@2.0.12 
│ │ ├── json-parse-better-errors@1.0.1 
│ │ └── slash@1.0.0 
│ ├── read-package-tree@5.1.6 
│ ├─┬ readable-stream@2.3.3 
│ │ ├── core-util-is@1.0.2 
│ │ ├── isarray@1.0.0 
│ │ ├── process-nextick-args@1.0.7 
│ │ ├── string_decoder@1.0.3 
│ │ └── util-deprecate@1.0.2 
│ ├── readdir-scoped-modules@1.0.2 
│ ├─┬ request@2.83.0 
│ │ ├── aws-sign2@0.7.0 
│ │ ├── aws4@1.6.0 
│ │ ├── caseless@0.12.0 
│ │ ├─┬ combined-stream@1.0.5 
│ │ │ └── delayed-stream@1.0.0 
│ │ ├── extend@3.0.1 
│ │ ├── forever-agent@0.6.1 
│ │ ├─┬ form-data@2.3.1 
│ │ │ └── asynckit@0.4.0 
│ │ ├─┬ har-validator@5.0.3 
│ │ │ ├─┬ ajv@5.2.3 
│ │ │ │ ├── co@4.6.0 
│ │ │ │ ├── fast-deep-equal@1.0.0 
│ │ │ │ ├── json-schema-traverse@0.3.1 
│ │ │ │ └─┬ json-stable-stringify@1.0.1 
│ │ │ │   └── jsonify@0.0.0 
│ │ │ └── har-schema@2.0.0 
│ │ ├─┬ hawk@6.0.2 
│ │ │ ├── boom@4.3.1 
│ │ │ ├─┬ cryptiles@3.1.2 
│ │ │ │ └── boom@5.2.0 
│ │ │ ├── hoek@4.2.0 
│ │ │ └── sntp@2.0.2 
│ │ ├─┬ http-signature@1.2.0 
│ │ │ ├── assert-plus@1.0.0 
│ │ │ ├─┬ jsprim@1.4.1 
│ │ │ │ ├── extsprintf@1.3.0 
│ │ │ │ ├── json-schema@0.2.3 
│ │ │ │ └─┬ verror@1.10.0 
│ │ │ │   └── core-util-is@1.0.2 
│ │ │ └─┬ sshpk@1.13.1 
│ │ │   ├── asn1@0.2.3 
│ │ │   ├── bcrypt-pbkdf@1.0.1 
│ │ │   ├── dashdash@1.14.1 
│ │ │   ├── ecc-jsbn@0.1.1 
│ │ │   ├── getpass@0.1.7 
│ │ │   ├── jsbn@0.1.1 
│ │ │   └── tweetnacl@0.14.5 
│ │ ├── is-typedarray@1.0.0 
│ │ ├── isstream@0.1.2 
│ │ ├── json-stringify-safe@5.0.1 
│ │ ├─┬ mime-types@2.1.17 
│ │ │ └── mime-db@1.30.0 
│ │ ├── oauth-sign@0.8.2 
│ │ ├── performance-now@2.1.0 
│ │ ├── qs@6.5.1 
│ │ ├── stringstream@0.0.5 
│ │ ├─┬ tough-cookie@2.3.3 
│ │ │ └── punycode@1.4.1 
│ │ └── tunnel-agent@0.6.0 
│ ├── retry@0.10.1 
│ ├── rimraf@2.6.2 
│ ├── safe-buffer@5.1.1 
│ ├── semver@5.4.1 
│ ├── sha@2.0.1 
│ ├── slide@1.1.6 
│ ├── sorted-object@2.0.1 
│ ├─┬ sorted-union-stream@2.1.3 
│ │ ├─┬ from2@1.3.0 
│ │ │ └─┬ readable-stream@1.1.14 
│ │ │   ├── core-util-is@1.0.2 
│ │ │   ├── isarray@0.0.1 
│ │ │   └── string_decoder@0.10.31 
│ │ └─┬ stream-iterate@1.2.0 
│ │   └── stream-shift@1.0.0 
│ ├── ssri@4.1.6 
│ ├─┬ strip-ansi@4.0.0 
│ │ └── ansi-regex@3.0.0 
│ ├─┬ tar@4.0.1 
│ │ ├── minipass@2.2.1 
│ │ ├── minizlib@1.0.3 
│ │ └── yallist@3.0.2 
│ ├── text-table@0.2.0 
│ ├── uid-number@0.0.6 
│ ├── umask@1.1.0 
│ ├─┬ unique-filename@1.1.0 
│ │ └── unique-slug@2.0.0 
│ ├── unpipe@1.0.0 
│ ├─┬ update-notifier@2.2.0 
│ │ ├─┬ boxen@1.1.0 
│ │ │ ├── ansi-align@2.0.0 
│ │ │ ├── camelcase@4.1.0 
│ │ │ ├── cli-boxes@1.0.0 
│ │ │ ├─┬ string-width@2.1.0 
│ │ │ │ ├── is-fullwidth-code-point@2.0.0 
│ │ │ │ └── strip-ansi@4.0.0 
│ │ │ ├─┬ term-size@0.1.1 
│ │ │ │ └─┬ execa@0.4.0 
│ │ │ │   ├── cross-spawn-async@2.2.5 
│ │ │ │   ├── is-stream@1.1.0 
│ │ │ │   ├── npm-run-path@1.0.0 
│ │ │ │   ├── object-assign@4.1.1 
│ │ │ │   ├── path-key@1.0.0 
│ │ │ │   └── strip-eof@1.0.0 
│ │ │ └─┬ widest-line@1.0.0 
│ │ │   └─┬ string-width@1.0.2 
│ │ │     ├── code-point-at@1.1.0 
│ │ │     ├─┬ is-fullwidth-code-point@1.0.0 
│ │ │     │ └── number-is-nan@1.0.1 
│ │ │     └─┬ strip-ansi@3.0.1 
│ │ │       └── ansi-regex@2.1.1 
│ │ ├─┬ chalk@1.1.3 
│ │ │ ├── ansi-styles@2.2.1 
│ │ │ ├── escape-string-regexp@1.0.5 
│ │ │ ├─┬ has-ansi@2.0.0 
│ │ │ │ └── ansi-regex@2.1.1 
│ │ │ ├─┬ strip-ansi@3.0.1 
│ │ │ │ └── ansi-regex@2.1.1 
│ │ │ └── supports-color@2.0.0 
│ │ ├─┬ configstore@3.1.0 
│ │ │ ├─┬ dot-prop@4.1.1 
│ │ │ │ └── is-obj@1.0.1 
│ │ │ ├─┬ make-dir@1.0.0 
│ │ │ │ └── pify@2.3.0 
│ │ │ └─┬ unique-string@1.0.0 
│ │ │   └── crypto-random-string@1.0.0 
│ │ ├── import-lazy@2.1.0 
│ │ ├── is-npm@1.0.0 
│ │ ├─┬ latest-version@3.1.0 
│ │ │ └─┬ package-json@4.0.1 
│ │ │   ├─┬ got@6.7.1 
│ │ │   │ ├─┬ create-error-class@3.0.2 
│ │ │   │ │ └── capture-stack-trace@1.0.0 
│ │ │   │ ├── duplexer3@0.1.4 
│ │ │   │ ├── get-stream@3.0.0 
│ │ │   │ ├── is-redirect@1.0.0 
│ │ │   │ ├── is-retry-allowed@1.1.0 
│ │ │   │ ├── is-stream@1.1.0 
│ │ │   │ ├── lowercase-keys@1.0.0 
│ │ │   │ ├── timed-out@4.0.1 
│ │ │   │ ├── unzip-response@2.0.1 
│ │ │   │ └─┬ url-parse-lax@1.0.0 
│ │ │   │   └── prepend-http@1.0.4 
│ │ │   ├─┬ registry-auth-token@3.3.1 
│ │ │   │ └─┬ rc@1.2.1 
│ │ │   │   ├── deep-extend@0.4.2 
│ │ │   │   ├── minimist@1.2.0 
│ │ │   │   └── strip-json-comments@2.0.1 
│ │ │   └─┬ registry-url@3.1.0 
│ │ │     └─┬ rc@1.2.1 
│ │ │       ├── deep-extend@0.4.2 
│ │ │       ├── minimist@1.2.0 
│ │ │       └── strip-json-comments@2.0.1 
│ │ ├── semver-diff@2.1.0 
│ │ └── xdg-basedir@3.0.0 
│ ├── uuid@3.1.0 
│ ├─┬ validate-npm-package-license@3.0.1 
│ │ ├─┬ spdx-correct@1.0.2 
│ │ │ └── spdx-license-ids@1.2.2 
│ │ └── spdx-expression-parse@1.0.4 
│ ├─┬ validate-npm-package-name@3.0.0 
│ │ └── builtins@1.0.3 
│ ├─┬ which@1.3.0 
│ │ └── isexe@2.0.0 
│ ├─┬ worker-farm@1.5.0 
│ │ ├─┬ errno@0.1.4 
│ │ │ └── prr@0.0.0 
│ │ └── xtend@4.0.1 
│ ├── wrappy@1.0.2 
│ └── write-file-atomic@2.1.0 
├── perfect-scrollbar@1.1.0 
├─┬ protractor@5.2.0 
│ ├── @types/node@6.0.90 
│ ├── @types/q@0.0.32 
│ ├── @types/selenium-webdriver@2.53.42 
│ ├── blocking-proxy@0.0.5 
│ ├─┬ chalk@1.1.3 
│ │ └── supports-color@2.0.0 
│ ├─┬ jasmine@2.8.0 
│ │ └── exit@0.1.2 
│ ├── jasminewd2@2.2.0 
│ ├─┬ optimist@0.6.1 
│ │ └── minimist@0.0.10 
│ ├── q@1.4.1 
│ ├─┬ saucelabs@1.3.0 
│ │ └─┬ https-proxy-agent@1.0.0 
│ │   └─┬ agent-base@2.1.1 
│ │     └── semver@5.0.3 
│ ├─┬ selenium-webdriver@3.6.0 
│ │ ├─┬ jszip@3.1.4 
│ │ │ ├── core-js@2.3.0 
│ │ │ ├── es6-promise@3.0.2 
│ │ │ ├─┬ lie@3.1.1 
│ │ │ │ └── immediate@3.0.6 
│ │ │ ├── pako@1.0.6 
│ │ │ └─┬ readable-stream@2.0.6 
│ │ │   └── string_decoder@0.10.31 
│ │ └── tmp@0.0.30 
│ ├─┬ webdriver-js-extender@1.0.0 
│ │ └─┬ selenium-webdriver@2.53.3 
│ │   ├── adm-zip@0.4.4 
│ │   ├── tmp@0.0.24 
│ │   └─┬ xml2js@0.4.4 
│ │     └── sax@0.6.1 
│ └─┬ webdriver-manager@12.0.6 
│   ├── adm-zip@0.4.7 
│   ├─┬ del@2.2.2 
│   │ └── globby@5.0.0 
│   ├── ini@1.3.4 
│   ├── minimist@1.2.0 
│   └─┬ xml2js@0.4.19 
│     ├── sax@1.2.4 
│     └── xmlbuilder@9.0.4 
├─┬ redux@3.7.2 
│ ├── lodash-es@4.17.4 
│ └─┬ loose-envify@1.3.1 
│   └── js-tokens@3.0.2 
├─┬ redux-logger@3.0.6 
│ └── deep-diff@0.3.8 
├── redux-undo@0.6.1 
├── rxjs@5.5.1 
├─┬ sinon@4.0.1 
│ ├── diff@3.4.0 
│ ├── formatio@1.2.0 
│ ├── lodash.get@4.4.2 
│ ├── lolex@2.1.3 
│ ├── native-promise-only@0.8.1 
│ ├─┬ nise@1.2.0 
│ │ ├── just-extend@1.1.26 
│ │ ├── lolex@1.6.0 
│ │ └─┬ path-to-regexp@1.7.0 
│ │   └── isarray@0.0.1 
│ ├─┬ path-to-regexp@1.7.0 
│ │ └── isarray@0.0.1 
│ ├── samsam@1.3.0 
│ └── text-encoding@0.6.4 
├── sinon-chai@2.14.0 
├─┬ ts-node@3.3.0 
│ ├── arrify@1.0.1 
│ ├── make-error@1.3.0 
│ ├─┬ tsconfig@6.0.0 
│ │ ├── strip-bom@3.0.0 
│ │ └── strip-json-comments@2.0.1 
│ ├─┬ v8flags@3.0.1 
│ │ └─┬ homedir-polyfill@1.0.1 
│ │   └── parse-passwd@1.0.0 
│ └── yn@2.0.0 
├─┬ tslint@5.8.0 
│ ├─┬ babel-code-frame@6.26.0 
│ │ ├─┬ chalk@1.1.3 
│ │ │ └── supports-color@2.0.0 
│ │ └── esutils@2.0.2 
│ ├── builtin-modules@1.1.1 
│ ├── commander@2.11.0 
│ └── tsutils@2.12.1 
├── typescript@2.5.3 
└── zone.js@0.8.18 

